Using pre-set license
Built from '2022.3/staging' branch; Version is '2022.3.10f1 (ff3792e53c62) revision 16725906'; Using compiler version '192829333'; Build Type 'Release'
OS: 'Windows 11  (10.0.22621) 64bit Professional' Language: 'es' Physical Memory: 15663 MB
BatchMode: 1, IsHumanControllingUs: 0, StartBugReporterOnCrash: 0, Is64bit: 1, IsPro: 1

COMMAND LINE ARGUMENTS:
C:\Program Files\Unity\Hub\Editor\2022.3.10f1\Editor\Unity.exe
-adb2
-batchMode
-noUpm
-name
AssetImportWorker0
-projectPath
C:/Users/User/Desktop/STOSv2
-logFile
Logs/AssetImportWorker0.log
-srvPort
60088
Successfully changed project path to: C:/Users/User/Desktop/STOSv2
C:/Users/User/Desktop/STOSv2
[UnityMemory] Configuration Parameters - Can be set up in boot.config
    "memorysetup-bucket-allocator-granularity=16"
    "memorysetup-bucket-allocator-bucket-count=8"
    "memorysetup-bucket-allocator-block-size=33554432"
    "memorysetup-bucket-allocator-block-count=8"
    "memorysetup-main-allocator-block-size=16777216"
    "memorysetup-thread-allocator-block-size=16777216"
    "memorysetup-gfx-main-allocator-block-size=16777216"
    "memorysetup-gfx-thread-allocator-block-size=16777216"
    "memorysetup-cache-allocator-block-size=4194304"
    "memorysetup-typetree-allocator-block-size=2097152"
    "memorysetup-profiler-bucket-allocator-granularity=16"
    "memorysetup-profiler-bucket-allocator-bucket-count=8"
    "memorysetup-profiler-bucket-allocator-block-size=33554432"
    "memorysetup-profiler-bucket-allocator-block-count=8"
    "memorysetup-profiler-allocator-block-size=16777216"
    "memorysetup-profiler-editor-allocator-block-size=1048576"
    "memorysetup-temp-allocator-size-main=16777216"
    "memorysetup-job-temp-allocator-block-size=2097152"
    "memorysetup-job-temp-allocator-block-size-background=1048576"
    "memorysetup-job-temp-allocator-reduction-small-platforms=262144"
    "memorysetup-allocator-temp-initial-block-size-main=262144"
    "memorysetup-allocator-temp-initial-block-size-worker=262144"
    "memorysetup-temp-allocator-size-background-worker=32768"
    "memorysetup-temp-allocator-size-job-worker=262144"
    "memorysetup-temp-allocator-size-preload-manager=33554432"
    "memorysetup-temp-allocator-size-nav-mesh-worker=65536"
    "memorysetup-temp-allocator-size-audio-worker=65536"
    "memorysetup-temp-allocator-size-cloud-worker=32768"
    "memorysetup-temp-allocator-size-gi-baking-worker=262144"
    "memorysetup-temp-allocator-size-gfx=262144"
Player connection [25332] Host "[IP] 192.168.1.54 [Port] 0 [Flags] 2 [Guid] 4099750308 [EditorId] 4099750308 [Version] 1048832 [Id] WindowsEditor(7,FOURTHJOSE-DESKTOP) [Debug] 1 [PackageName] WindowsEditor [ProjectName] Editor" joined multi-casting on [225.0.0.222:54997]...

Player connection [25332] Host "[IP] 192.168.1.54 [Port] 0 [Flags] 2 [Guid] 4099750308 [EditorId] 4099750308 [Version] 1048832 [Id] WindowsEditor(7,FOURTHJOSE-DESKTOP) [Debug] 1 [PackageName] WindowsEditor [ProjectName] Editor" joined alternative multi-casting on [225.0.0.222:34997]...

[Physics::Module] Initialized MultithreadedJobDispatcher with 15 workers.
Refreshing native plugins compatible for Editor in 10.43 ms, found 4 plugins.
Preloading 0 native plugins for Editor in 0.00 ms.
Initialize engine version: 2022.3.10f1 (ff3792e53c62)
[Subsystems] Discovering subsystems at path C:/Program Files/Unity/Hub/Editor/2022.3.10f1/Editor/Data/Resources/UnitySubsystems
[Subsystems] Discovering subsystems at path C:/Users/User/Desktop/STOSv2/Assets
GfxDevice: creating device client; threaded=0; jobified=0
Direct3D:
    Version:  Direct3D 11.0 [level 11.1]
    Renderer: AMD Radeon(TM) Graphics (ID=0x1638)
    Vendor:   ATI
    VRAM:     7831 MB
    Driver:   31.0.21905.1001
Initialize mono
Mono path[0] = 'C:/Program Files/Unity/Hub/Editor/2022.3.10f1/Editor/Data/Managed'
Mono path[1] = 'C:/Program Files/Unity/Hub/Editor/2022.3.10f1/Editor/Data/MonoBleedingEdge/lib/mono/unityjit-win32'
Mono config path = 'C:/Program Files/Unity/Hub/Editor/2022.3.10f1/Editor/Data/MonoBleedingEdge/etc'
Using monoOptions --debugger-agent=transport=dt_socket,embedding=1,server=y,suspend=n,address=127.0.0.1:56544
Begin MonoManager ReloadAssembly
Registering precompiled unity dll's ...
Register platform support module: C:/Program Files/Unity/Hub/Editor/2022.3.10f1/Editor/Data/PlaybackEngines/WindowsStandaloneSupport/UnityEditor.WindowsStandalone.Extensions.dll
Registered in 0.010690 seconds.
- Loaded All Assemblies, in  0.348 seconds
Native extension for WindowsStandalone target not found
Mono: successfully reloaded assembly
- Finished resetting the current domain, in  0.290 seconds
Domain Reload Profiling: 635ms
	BeginReloadAssembly (92ms)
		ExecutionOrderSort (0ms)
		DisableScriptedObjects (0ms)
		BackupInstance (0ms)
		ReleaseScriptingObjects (0ms)
		CreateAndSetChildDomain (1ms)
	RebuildCommonClasses (27ms)
	RebuildNativeTypeToScriptingClass (9ms)
	initialDomainReloadingComplete (79ms)
	LoadAllAssembliesAndSetupDomain (138ms)
		LoadAssemblies (90ms)
		RebuildTransferFunctionScriptingTraits (0ms)
		AnalyzeDomain (136ms)
			TypeCache.Refresh (134ms)
				TypeCache.ScanAssembly (121ms)
			ScanForSourceGeneratedMonoScriptInfo (0ms)
			ResolveRequiredComponents (1ms)
	FinalizeReload (290ms)
		ReleaseScriptCaches (0ms)
		RebuildScriptCaches (0ms)
		SetupLoadedEditorAssemblies (222ms)
			LogAssemblyErrors (0ms)
			InitializePlatformSupportModulesInManaged (11ms)
			SetLoadedEditorAssemblies (8ms)
			RefreshPlugins (0ms)
			BeforeProcessingInitializeOnLoad (3ms)
			ProcessInitializeOnLoadAttributes (155ms)
			ProcessInitializeOnLoadMethodAttributes (45ms)
			AfterProcessingInitializeOnLoad (0ms)
			EditorAssembliesLoaded (0ms)
		ExecutionOrderSort2 (0ms)
		AwakeInstancesAfterBackupRestoration (0ms)
========================================================================
Worker process is ready to serve import requests
Begin MonoManager ReloadAssembly
- Loaded All Assemblies, in  0.554 seconds
Refreshing native plugins compatible for Editor in 4.54 ms, found 4 plugins.
Native extension for WindowsStandalone target not found
Package Manager log level set to [2]
[Package Manager] Server::EnsureServerProcessIsRunning -- launch failed, reason: Unity was launched with the -noUpm command-line argument
[Package Manager] UpmClient::Send -- Unable to send message (not connected to UPM process).
[Package Manager] Cannot connect to Unity Package Manager local server
Mono: successfully reloaded assembly
- Finished resetting the current domain, in  0.757 seconds
Domain Reload Profiling: 1307ms
	BeginReloadAssembly (124ms)
		ExecutionOrderSort (0ms)
		DisableScriptedObjects (5ms)
		BackupInstance (0ms)
		ReleaseScriptingObjects (0ms)
		CreateAndSetChildDomain (22ms)
	RebuildCommonClasses (26ms)
	RebuildNativeTypeToScriptingClass (8ms)
	initialDomainReloadingComplete (36ms)
	LoadAllAssembliesAndSetupDomain (355ms)
		LoadAssemblies (285ms)
		RebuildTransferFunctionScriptingTraits (0ms)
		AnalyzeDomain (139ms)
			TypeCache.Refresh (115ms)
				TypeCache.ScanAssembly (103ms)
			ScanForSourceGeneratedMonoScriptInfo (18ms)
			ResolveRequiredComponents (4ms)
	FinalizeReload (757ms)
		ReleaseScriptCaches (0ms)
		RebuildScriptCaches (0ms)
		SetupLoadedEditorAssemblies (612ms)
			LogAssemblyErrors (0ms)
			InitializePlatformSupportModulesInManaged (5ms)
			SetLoadedEditorAssemblies (4ms)
			RefreshPlugins (0ms)
			BeforeProcessingInitializeOnLoad (99ms)
			ProcessInitializeOnLoadAttributes (466ms)
			ProcessInitializeOnLoadMethodAttributes (32ms)
			AfterProcessingInitializeOnLoad (6ms)
			EditorAssembliesLoaded (0ms)
		ExecutionOrderSort2 (0ms)
		AwakeInstancesAfterBackupRestoration (5ms)
Launched and connected shader compiler UnityShaderCompiler.exe after 0.04 seconds
Refreshing native plugins compatible for Editor in 4.19 ms, found 4 plugins.
Preloading 0 native plugins for Editor in 0.00 ms.
Unloading 4128 Unused Serialized files (Serialized files now loaded: 0)
Unloading 68 unused Assets / (217.8 KB). Loaded Objects now: 4592.
Memory consumption went from 143.6 MB to 143.4 MB.
Total: 3.486200 ms (FindLiveObjects: 0.252500 ms CreateObjectMapping: 0.116000 ms MarkObjects: 2.927800 ms  DeleteObjects: 0.188600 ms)

AssetImportParameters requested are different than current active one (requested -> active):
  custom:container-demuxer-ogg: 62fdf1f143b41e24485cea50d1cbac27 -> 
  custom:video-decoder-ogg-theora: a1e56fd34408186e4bbccfd4996cb3dc -> 
  custom:framework-win-MediaFoundation: 216162199b28c13a410421893ffa2e32 -> 
  custom:container-demuxer-webm: 4f35f7cbe854078d1ac9338744f61a02 -> 
  custom:container-muxer-webm: aa71ff27fc2769a1b78a27578f13a17b -> 
  custom:video-decoder-webm-vp8: 9c59270c3fd7afecdb556c50c9e8de78 -> 
  custom:AudioImporter_EditorPlatform: d09bf68614088b80899f8185d706f6e7 -> 
  custom:video-encoder-webm-vp8: eb34c28f22e8b96e1ab97ce403110664 -> 
  custom:audio-decoder-ogg-vorbis: bf7c407c2cedff20999df2af8eb42d56 -> 
  custom:audio-encoder-webm-vorbis: bf7c407c2cedff20999df2af8eb42d56 -> 
========================================================================
Received Import Request.
  Time since last request: 35403.919550 seconds.
  path: Assets/tutorial/scenario/palettes/highschoolNature.prefab
  artifactKey: Guid(7cff65767afd3624e9fc3688ce2e56da) Importer(815301076,1909f56bfc062723c751e8b465ee728b)
Start importing Assets/tutorial/scenario/palettes/highschoolNature.prefab using Guid(7cff65767afd3624e9fc3688ce2e56da) Importer(815301076,1909f56bfc062723c751e8b465ee728b)  -> (artifact id: 'e1f51bdec38b22e4f506a12222b2e821') in 0.080160 seconds
Number of updated asset objects reloaded before import = 0
Number of asset objects unloaded after import = 36
========================================================================
Received Prepare
Refreshing native plugins compatible for Editor in 4.88 ms, found 4 plugins.
Preloading 0 native plugins for Editor in 0.00 ms.
Unloading 6 Unused Serialized files (Serialized files now loaded: 0)
Unloading 7 unused Assets / (196.5 KB). Loaded Objects now: 4635.
Memory consumption went from 80.6 MB to 80.4 MB.
Total: 5.070300 ms (FindLiveObjects: 0.308900 ms CreateObjectMapping: 0.362600 ms MarkObjects: 4.251700 ms  DeleteObjects: 0.146200 ms)

Prepare: number of updated asset objects reloaded= 0
AssetImportParameters requested are different than current active one (requested -> active):
  custom:container-demuxer-ogg: 62fdf1f143b41e24485cea50d1cbac27 -> 
  custom:video-decoder-ogg-theora: a1e56fd34408186e4bbccfd4996cb3dc -> 
  custom:framework-win-MediaFoundation: 216162199b28c13a410421893ffa2e32 -> 
  custom:CustomObjectIndexerAttribute: 756ad292c208cfabdd7b50bc23989ffe -> 
  custom:container-demuxer-webm: 4f35f7cbe854078d1ac9338744f61a02 -> 
  custom:container-muxer-webm: aa71ff27fc2769a1b78a27578f13a17b -> 
  custom:video-decoder-webm-vp8: 9c59270c3fd7afecdb556c50c9e8de78 -> 
  custom:SearchIndexIgnoredProperties: e643bd26f0fe6173181afceb89e7c659 -> 
  custom:AudioImporter_EditorPlatform: d09bf68614088b80899f8185d706f6e7 -> 
  custom:video-encoder-webm-vp8: eb34c28f22e8b96e1ab97ce403110664 -> 
  custom:audio-decoder-ogg-vorbis: bf7c407c2cedff20999df2af8eb42d56 -> 
  custom:audio-encoder-webm-vorbis: bf7c407c2cedff20999df2af8eb42d56 -> 
========================================================================
Received Import Request.
  Time since last request: 35.338275 seconds.
  path: Assets/tutorial/scenario/palettes/highschoolNature.prefab
  artifactKey: Guid(7cff65767afd3624e9fc3688ce2e56da) Importer(815301076,1909f56bfc062723c751e8b465ee728b)
Start importing Assets/tutorial/scenario/palettes/highschoolNature.prefab using Guid(7cff65767afd3624e9fc3688ce2e56da) Importer(815301076,1909f56bfc062723c751e8b465ee728b)  -> (artifact id: 'd6c701b811ead42f79ce2081bc569b8a') in 0.017931 seconds
Number of updated asset objects reloaded before import = 0
Number of asset objects unloaded after import = 45
========================================================================
Received Import Request.
  Time since last request: 0.000069 seconds.
  path: Assets/tutorial/scenario/palettes/highschoolNature_1.asset
  artifactKey: Guid(6b0ccc7ce4d356742a52ed99a5d477f4) Importer(815301076,1909f56bfc062723c751e8b465ee728b)
Start importing Assets/tutorial/scenario/palettes/highschoolNature_1.asset using Guid(6b0ccc7ce4d356742a52ed99a5d477f4) Importer(815301076,1909f56bfc062723c751e8b465ee728b)  -> (artifact id: 'd352f41d5851bb370cf576498bd5acd5') in 0.009222 seconds
Number of updated asset objects reloaded before import = 0
Number of asset objects unloaded after import = 3
========================================================================
Received Import Request.
  Time since last request: 0.000016 seconds.
  path: Assets/tutorial/scenario/palettes/highschoolNature_4.asset
  artifactKey: Guid(a3c21c6b65bb1e947a95777db1d12a06) Importer(815301076,1909f56bfc062723c751e8b465ee728b)
Start importing Assets/tutorial/scenario/palettes/highschoolNature_4.asset using Guid(a3c21c6b65bb1e947a95777db1d12a06) Importer(815301076,1909f56bfc062723c751e8b465ee728b)  -> (artifact id: '52d3657e99b470c11bc45690bb064aed') in 0.005311 seconds
Number of updated asset objects reloaded before import = 0
Number of asset objects unloaded after import = 3
========================================================================
Received Import Request.
  Time since last request: 0.000035 seconds.
  path: Assets/tutorial/scenario/palettes/highschoolNature_3.asset
  artifactKey: Guid(bbbc23492e2e64e4681f78e00586d545) Importer(815301076,1909f56bfc062723c751e8b465ee728b)
Start importing Assets/tutorial/scenario/palettes/highschoolNature_3.asset using Guid(bbbc23492e2e64e4681f78e00586d545) Importer(815301076,1909f56bfc062723c751e8b465ee728b)  -> (artifact id: '9e655792e474a9b5a63508581531cfd9') in 0.004992 seconds
Number of updated asset objects reloaded before import = 0
Number of asset objects unloaded after import = 3
========================================================================
Received Import Request.
  Time since last request: 0.000015 seconds.
  path: Assets/tutorial/scenario/palettes/highschoolNature_2.asset
  artifactKey: Guid(e148b6c69a25d354992d60cd3234c4cd) Importer(815301076,1909f56bfc062723c751e8b465ee728b)
Start importing Assets/tutorial/scenario/palettes/highschoolNature_2.asset using Guid(e148b6c69a25d354992d60cd3234c4cd) Importer(815301076,1909f56bfc062723c751e8b465ee728b)  -> (artifact id: '1e21342e20807900d271cda4eb7431dd') in 0.035215 seconds
Number of updated asset objects reloaded before import = 0
Number of asset objects unloaded after import = 3
========================================================================
Received Import Request.
  Time since last request: 0.247575 seconds.
  path: Assets/tutorial/scenario/palettes/highschoolNature_5.asset
  artifactKey: Guid(daa450190cf90764db670d1eaa746143) Importer(815301076,1909f56bfc062723c751e8b465ee728b)
Start importing Assets/tutorial/scenario/palettes/highschoolNature_5.asset using Guid(daa450190cf90764db670d1eaa746143) Importer(815301076,1909f56bfc062723c751e8b465ee728b)  -> (artifact id: '18cb44418476ebad14aaa49b8ba52248') in 0.011298 seconds
Number of updated asset objects reloaded before import = 0
Number of asset objects unloaded after import = 3
========================================================================
Received Import Request.
  Time since last request: 0.000015 seconds.
  path: Assets/tutorial/scenario/palettes/highschoolNature_8.asset
  artifactKey: Guid(9797ca531e227d940acab63a9bec7c8b) Importer(815301076,1909f56bfc062723c751e8b465ee728b)
Start importing Assets/tutorial/scenario/palettes/highschoolNature_8.asset using Guid(9797ca531e227d940acab63a9bec7c8b) Importer(815301076,1909f56bfc062723c751e8b465ee728b)  -> (artifact id: 'f416237e55aff962816571ccab94cc29') in 0.004352 seconds
Number of updated asset objects reloaded before import = 0
Number of asset objects unloaded after import = 3
========================================================================
Received Import Request.
  Time since last request: 0.000013 seconds.
  path: Assets/tutorial/scenario/palettes/highschoolNature_9.asset
  artifactKey: Guid(a16fc576ccf1fa14ba3fc0c6f9245764) Importer(815301076,1909f56bfc062723c751e8b465ee728b)
Start importing Assets/tutorial/scenario/palettes/highschoolNature_9.asset using Guid(a16fc576ccf1fa14ba3fc0c6f9245764) Importer(815301076,1909f56bfc062723c751e8b465ee728b)  -> (artifact id: '85634563e003e9b72aaf637f1f6af964') in 0.004883 seconds
Number of updated asset objects reloaded before import = 0
Number of asset objects unloaded after import = 3
========================================================================
Received Import Request.
  Time since last request: 0.000014 seconds.
  path: Assets/tutorial/scenario/palettes/highschoolNature_12.asset
  artifactKey: Guid(78cbe22452be5bc4baac4fd16308918e) Importer(815301076,1909f56bfc062723c751e8b465ee728b)
Start importing Assets/tutorial/scenario/palettes/highschoolNature_12.asset using Guid(78cbe22452be5bc4baac4fd16308918e) Importer(815301076,1909f56bfc062723c751e8b465ee728b)  -> (artifact id: '8b4b11ff0d59f3471875c46dbbbdaf4b') in 0.011689 seconds
Number of updated asset objects reloaded before import = 0
Number of asset objects unloaded after import = 3
========================================================================
Received Import Request.
  Time since last request: 0.000015 seconds.
  path: Assets/tutorial/scenario/palettes/highschoolNature_13.asset
  artifactKey: Guid(dbe5e470a9019cc4499c2831a62c73d8) Importer(815301076,1909f56bfc062723c751e8b465ee728b)
Start importing Assets/tutorial/scenario/palettes/highschoolNature_13.asset using Guid(dbe5e470a9019cc4499c2831a62c73d8) Importer(815301076,1909f56bfc062723c751e8b465ee728b)  -> (artifact id: '9e0d793c2918e91d3da58178b3de4668') in 0.006148 seconds
Number of updated asset objects reloaded before import = 0
Number of asset objects unloaded after import = 3
Editor requested this worker to shutdown with reason: Scaling down because of idle timeout
TcpMessagingSession - receive error: operation aborted. errorcode: 995, details: La operación de E/S se anuló por una salida de subproceso o por una solicitud de aplicación.
AssetImportWorker is now disconnected from the server
Process exiting
Exiting without the bug reporter. Application will terminate with return code 0