Using pre-set license
Built from '2022.3/staging' branch; Version is '2022.3.10f1 (ff3792e53c62) revision 16725906'; Using compiler version '192829333'; Build Type 'Release'
OS: 'Windows 11  (10.0.22621) 64bit Professional' Language: 'es' Physical Memory: 15663 MB
BatchMode: 1, IsHumanControllingUs: 0, StartBugReporterOnCrash: 0, Is64bit: 1, IsPro: 1

COMMAND LINE ARGUMENTS:
C:\Program Files\Unity\Hub\Editor\2022.3.10f1\Editor\Unity.exe
-adb2
-batchMode
-noUpm
-name
AssetImportWorker0
-projectPath
C:/Users/User/Desktop/STOSv2
-logFile
Logs/AssetImportWorker0.log
-srvPort
55797
Successfully changed project path to: C:/Users/User/Desktop/STOSv2
C:/Users/User/Desktop/STOSv2
[UnityMemory] Configuration Parameters - Can be set up in boot.config
    "memorysetup-bucket-allocator-granularity=16"
    "memorysetup-bucket-allocator-bucket-count=8"
    "memorysetup-bucket-allocator-block-size=33554432"
    "memorysetup-bucket-allocator-block-count=8"
    "memorysetup-main-allocator-block-size=16777216"
    "memorysetup-thread-allocator-block-size=16777216"
    "memorysetup-gfx-main-allocator-block-size=16777216"
    "memorysetup-gfx-thread-allocator-block-size=16777216"
    "memorysetup-cache-allocator-block-size=4194304"
    "memorysetup-typetree-allocator-block-size=2097152"
    "memorysetup-profiler-bucket-allocator-granularity=16"
    "memorysetup-profiler-bucket-allocator-bucket-count=8"
    "memorysetup-profiler-bucket-allocator-block-size=33554432"
    "memorysetup-profiler-bucket-allocator-block-count=8"
    "memorysetup-profiler-allocator-block-size=16777216"
    "memorysetup-profiler-editor-allocator-block-size=1048576"
    "memorysetup-temp-allocator-size-main=16777216"
    "memorysetup-job-temp-allocator-block-size=2097152"
    "memorysetup-job-temp-allocator-block-size-background=1048576"
    "memorysetup-job-temp-allocator-reduction-small-platforms=262144"
    "memorysetup-allocator-temp-initial-block-size-main=262144"
    "memorysetup-allocator-temp-initial-block-size-worker=262144"
    "memorysetup-temp-allocator-size-background-worker=32768"
    "memorysetup-temp-allocator-size-job-worker=262144"
    "memorysetup-temp-allocator-size-preload-manager=33554432"
    "memorysetup-temp-allocator-size-nav-mesh-worker=65536"
    "memorysetup-temp-allocator-size-audio-worker=65536"
    "memorysetup-temp-allocator-size-cloud-worker=32768"
    "memorysetup-temp-allocator-size-gi-baking-worker=262144"
    "memorysetup-temp-allocator-size-gfx=262144"
Player connection [48528] Host "[IP] 192.168.1.54 [Port] 0 [Flags] 2 [Guid] 1004610282 [EditorId] 1004610282 [Version] 1048832 [Id] WindowsEditor(7,FOURTHJOSE-DESKTOP) [Debug] 1 [PackageName] WindowsEditor [ProjectName] Editor" joined multi-casting on [225.0.0.222:54997]...

Player connection [48528] Host "[IP] 192.168.1.54 [Port] 0 [Flags] 2 [Guid] 1004610282 [EditorId] 1004610282 [Version] 1048832 [Id] WindowsEditor(7,FOURTHJOSE-DESKTOP) [Debug] 1 [PackageName] WindowsEditor [ProjectName] Editor" joined alternative multi-casting on [225.0.0.222:34997]...

[Physics::Module] Initialized MultithreadedJobDispatcher with 15 workers.
Refreshing native plugins compatible for Editor in 13.28 ms, found 4 plugins.
Preloading 0 native plugins for Editor in 0.00 ms.
Initialize engine version: 2022.3.10f1 (ff3792e53c62)
[Subsystems] Discovering subsystems at path C:/Program Files/Unity/Hub/Editor/2022.3.10f1/Editor/Data/Resources/UnitySubsystems
[Subsystems] Discovering subsystems at path C:/Users/User/Desktop/STOSv2/Assets
GfxDevice: creating device client; threaded=0; jobified=0
Direct3D:
    Version:  Direct3D 11.0 [level 11.1]
    Renderer: AMD Radeon(TM) Graphics (ID=0x1638)
    Vendor:   ATI
    VRAM:     7831 MB
    Driver:   31.0.21905.1001
Initialize mono
Mono path[0] = 'C:/Program Files/Unity/Hub/Editor/2022.3.10f1/Editor/Data/Managed'
Mono path[1] = 'C:/Program Files/Unity/Hub/Editor/2022.3.10f1/Editor/Data/MonoBleedingEdge/lib/mono/unityjit-win32'
Mono config path = 'C:/Program Files/Unity/Hub/Editor/2022.3.10f1/Editor/Data/MonoBleedingEdge/etc'
Using monoOptions --debugger-agent=transport=dt_socket,embedding=1,server=y,suspend=n,address=127.0.0.1:56432
Begin MonoManager ReloadAssembly
Registering precompiled unity dll's ...
Register platform support module: C:/Program Files/Unity/Hub/Editor/2022.3.10f1/Editor/Data/PlaybackEngines/WindowsStandaloneSupport/UnityEditor.WindowsStandalone.Extensions.dll
Registered in 0.008550 seconds.
- Loaded All Assemblies, in  0.454 seconds
Native extension for WindowsStandalone target not found
Mono: successfully reloaded assembly
- Finished resetting the current domain, in  0.301 seconds
Domain Reload Profiling: 753ms
	BeginReloadAssembly (142ms)
		ExecutionOrderSort (0ms)
		DisableScriptedObjects (0ms)
		BackupInstance (0ms)
		ReleaseScriptingObjects (0ms)
		CreateAndSetChildDomain (1ms)
	RebuildCommonClasses (44ms)
	RebuildNativeTypeToScriptingClass (9ms)
	initialDomainReloadingComplete (63ms)
	LoadAllAssembliesAndSetupDomain (194ms)
		LoadAssemblies (141ms)
		RebuildTransferFunctionScriptingTraits (0ms)
		AnalyzeDomain (191ms)
			TypeCache.Refresh (190ms)
				TypeCache.ScanAssembly (174ms)
			ScanForSourceGeneratedMonoScriptInfo (0ms)
			ResolveRequiredComponents (1ms)
	FinalizeReload (301ms)
		ReleaseScriptCaches (0ms)
		RebuildScriptCaches (0ms)
		SetupLoadedEditorAssemblies (224ms)
			LogAssemblyErrors (0ms)
			InitializePlatformSupportModulesInManaged (8ms)
			SetLoadedEditorAssemblies (7ms)
			RefreshPlugins (0ms)
			BeforeProcessingInitializeOnLoad (2ms)
			ProcessInitializeOnLoadAttributes (142ms)
			ProcessInitializeOnLoadMethodAttributes (64ms)
			AfterProcessingInitializeOnLoad (0ms)
			EditorAssembliesLoaded (0ms)
		ExecutionOrderSort2 (0ms)
		AwakeInstancesAfterBackupRestoration (0ms)
========================================================================
Worker process is ready to serve import requests
Begin MonoManager ReloadAssembly
- Loaded All Assemblies, in  0.831 seconds
Refreshing native plugins compatible for Editor in 4.56 ms, found 4 plugins.
Native extension for WindowsStandalone target not found
Package Manager log level set to [2]
[Package Manager] Server::EnsureServerProcessIsRunning -- launch failed, reason: Unity was launched with the -noUpm command-line argument
[Package Manager] UpmClient::Send -- Unable to send message (not connected to UPM process).
[Package Manager] Cannot connect to Unity Package Manager local server
Mono: successfully reloaded assembly
- Finished resetting the current domain, in  0.818 seconds
Domain Reload Profiling: 1646ms
	BeginReloadAssembly (169ms)
		ExecutionOrderSort (0ms)
		DisableScriptedObjects (6ms)
		BackupInstance (0ms)
		ReleaseScriptingObjects (0ms)
		CreateAndSetChildDomain (20ms)
	RebuildCommonClasses (30ms)
	RebuildNativeTypeToScriptingClass (9ms)
	initialDomainReloadingComplete (39ms)
	LoadAllAssembliesAndSetupDomain (582ms)
		LoadAssemblies (490ms)
		RebuildTransferFunctionScriptingTraits (0ms)
		AnalyzeDomain (186ms)
			TypeCache.Refresh (156ms)
				TypeCache.ScanAssembly (138ms)
			ScanForSourceGeneratedMonoScriptInfo (22ms)
			ResolveRequiredComponents (6ms)
	FinalizeReload (818ms)
		ReleaseScriptCaches (0ms)
		RebuildScriptCaches (0ms)
		SetupLoadedEditorAssemblies (663ms)
			LogAssemblyErrors (0ms)
			InitializePlatformSupportModulesInManaged (8ms)
			SetLoadedEditorAssemblies (8ms)
			RefreshPlugins (0ms)
			BeforeProcessingInitializeOnLoad (109ms)
			ProcessInitializeOnLoadAttributes (494ms)
			ProcessInitializeOnLoadMethodAttributes (38ms)
			AfterProcessingInitializeOnLoad (6ms)
			EditorAssembliesLoaded (0ms)
		ExecutionOrderSort2 (0ms)
		AwakeInstancesAfterBackupRestoration (7ms)
Launched and connected shader compiler UnityShaderCompiler.exe after 0.05 seconds
Refreshing native plugins compatible for Editor in 4.77 ms, found 4 plugins.
Preloading 0 native plugins for Editor in 0.00 ms.
Unloading 4128 Unused Serialized files (Serialized files now loaded: 0)
Unloading 68 unused Assets / (217.6 KB). Loaded Objects now: 4592.
Memory consumption went from 143.7 MB to 143.5 MB.
Total: 4.568400 ms (FindLiveObjects: 0.262000 ms CreateObjectMapping: 0.243600 ms MarkObjects: 3.844800 ms  DeleteObjects: 0.216900 ms)

AssetImportParameters requested are different than current active one (requested -> active):
  custom:container-demuxer-ogg: 62fdf1f143b41e24485cea50d1cbac27 -> 
  custom:video-decoder-ogg-theora: a1e56fd34408186e4bbccfd4996cb3dc -> 
  custom:framework-win-MediaFoundation: 216162199b28c13a410421893ffa2e32 -> 
  custom:container-demuxer-webm: 4f35f7cbe854078d1ac9338744f61a02 -> 
  custom:container-muxer-webm: aa71ff27fc2769a1b78a27578f13a17b -> 
  custom:video-decoder-webm-vp8: 9c59270c3fd7afecdb556c50c9e8de78 -> 
  custom:AudioImporter_EditorPlatform: d09bf68614088b80899f8185d706f6e7 -> 
  custom:video-encoder-webm-vp8: eb34c28f22e8b96e1ab97ce403110664 -> 
  custom:audio-decoder-ogg-vorbis: bf7c407c2cedff20999df2af8eb42d56 -> 
  custom:audio-encoder-webm-vorbis: bf7c407c2cedff20999df2af8eb42d56 -> 
========================================================================
Received Import Request.
  Time since last request: 32001.583100 seconds.
  path: Assets/tutorial/characters/playerLuna/healthBar.png
  artifactKey: Guid(24b0ec1e80b5a0e4996715fb9e4ab7e1) Importer(815301076,1909f56bfc062723c751e8b465ee728b)
Start importing Assets/tutorial/characters/playerLuna/healthBar.png using Guid(24b0ec1e80b5a0e4996715fb9e4ab7e1) Importer(815301076,1909f56bfc062723c751e8b465ee728b)  -> (artifact id: 'd2744726f0160550fc452f03cccfc76c') in 0.077880 seconds
Number of updated asset objects reloaded before import = 0
Number of asset objects unloaded after import = 3
========================================================================
Received Import Request.
  Time since last request: 0.000027 seconds.
  path: Assets/tutorial/characters/enemy001/EnemyHitting.png
  artifactKey: Guid(6c467037f775b9b43bb9ffc66780d1fd) Importer(815301076,1909f56bfc062723c751e8b465ee728b)
Start importing Assets/tutorial/characters/enemy001/EnemyHitting.png using Guid(6c467037f775b9b43bb9ffc66780d1fd) Importer(815301076,1909f56bfc062723c751e8b465ee728b)  -> (artifact id: 'e062adf2d78dfdcf7dd41f711d1b7532') in 0.017442 seconds
Number of updated asset objects reloaded before import = 0
Number of asset objects unloaded after import = 3
========================================================================
Received Import Request.
  Time since last request: 0.000016 seconds.
  path: Assets/tutorial/characters/playerLuna/lunaAttacking2.png
  artifactKey: Guid(73e7ccdf0392c1643b1cde59c77ddcb1) Importer(815301076,1909f56bfc062723c751e8b465ee728b)
Start importing Assets/tutorial/characters/playerLuna/lunaAttacking2.png using Guid(73e7ccdf0392c1643b1cde59c77ddcb1) Importer(815301076,1909f56bfc062723c751e8b465ee728b)  -> (artifact id: '10285a921b34b19fc5866ad80f03b755') in 0.015323 seconds
Number of updated asset objects reloaded before import = 0
Number of asset objects unloaded after import = 3
========================================================================
Received Import Request.
  Time since last request: 0.000017 seconds.
  path: Assets/tutorial/characters/enemy001/enemyIdle.png
  artifactKey: Guid(374f4f8a5ec42f24d9be6062f996f21a) Importer(815301076,1909f56bfc062723c751e8b465ee728b)
Start importing Assets/tutorial/characters/enemy001/enemyIdle.png using Guid(374f4f8a5ec42f24d9be6062f996f21a) Importer(815301076,1909f56bfc062723c751e8b465ee728b)  -> (artifact id: 'e4ad20a9702cf88b1984449a4a87ab8d') in 0.016798 seconds
Number of updated asset objects reloaded before import = 0
Number of asset objects unloaded after import = 3
========================================================================
Received Import Request.
  Time since last request: 0.000015 seconds.
  path: Assets/tutorial/characters/playerLuna/lunaAttacking1.png
  artifactKey: Guid(70a615bdf86e0a949a809d6d7bf215a7) Importer(815301076,1909f56bfc062723c751e8b465ee728b)
Start importing Assets/tutorial/characters/playerLuna/lunaAttacking1.png using Guid(70a615bdf86e0a949a809d6d7bf215a7) Importer(815301076,1909f56bfc062723c751e8b465ee728b)  -> (artifact id: 'fc7698c582f8512b623ca3ee51453e18') in 0.019520 seconds
Number of updated asset objects reloaded before import = 0
Number of asset objects unloaded after import = 3
========================================================================
Received Import Request.
  Time since last request: 0.000015 seconds.
  path: Assets/tutorial/characters/playerLuna/lunaFalling.png
  artifactKey: Guid(1a3f5d19105b42745b899cc2249e9976) Importer(815301076,1909f56bfc062723c751e8b465ee728b)
Start importing Assets/tutorial/characters/playerLuna/lunaFalling.png using Guid(1a3f5d19105b42745b899cc2249e9976) Importer(815301076,1909f56bfc062723c751e8b465ee728b)  -> (artifact id: '890a370fa25dbae00e4887150ca07351') in 0.016693 seconds
Number of updated asset objects reloaded before import = 0
Number of asset objects unloaded after import = 3
========================================================================
Received Import Request.
  Time since last request: 0.000014 seconds.
  path: Assets/tutorial/characters/enemy001/enemyFalling.png
  artifactKey: Guid(4a9eef3b7c5e0124fa7824c0e48831ce) Importer(815301076,1909f56bfc062723c751e8b465ee728b)
Start importing Assets/tutorial/characters/enemy001/enemyFalling.png using Guid(4a9eef3b7c5e0124fa7824c0e48831ce) Importer(815301076,1909f56bfc062723c751e8b465ee728b)  -> (artifact id: 'c7c19e8b7e2a3da2f76060f018cbb376') in 0.018777 seconds
Number of updated asset objects reloaded before import = 0
Number of asset objects unloaded after import = 3
========================================================================
Received Import Request.
  Time since last request: 7.397037 seconds.
  path: Assets/tutorial/characters/teacherPatricia/patriciaIdle 1.png
  artifactKey: Guid(702b9d9f4b9584541ad371321c0c8fc0) Importer(815301076,1909f56bfc062723c751e8b465ee728b)
Start importing Assets/tutorial/characters/teacherPatricia/patriciaIdle 1.png using Guid(702b9d9f4b9584541ad371321c0c8fc0) Importer(815301076,1909f56bfc062723c751e8b465ee728b)  -> (artifact id: '21d46e4aa55903f21c41f663209387de') in 0.015630 seconds
Number of updated asset objects reloaded before import = 0
Number of asset objects unloaded after import = 3
========================================================================
Received Import Request.
  Time since last request: 1.790048 seconds.
  path: Assets/tutorial/scenario/backgroundEnemy.png
  artifactKey: Guid(4a0068fd0404b8849a16da0be493e1b8) Importer(815301076,1909f56bfc062723c751e8b465ee728b)
Start importing Assets/tutorial/scenario/backgroundEnemy.png using Guid(4a0068fd0404b8849a16da0be493e1b8) Importer(815301076,1909f56bfc062723c751e8b465ee728b)  -> (artifact id: '2b64da5eed50dbd8891dc5c8d5832825') in 0.012812 seconds
Number of updated asset objects reloaded before import = 0
Number of asset objects unloaded after import = 3
========================================================================
Received Import Request.
  Time since last request: 0.008629 seconds.
  path: Assets/tutorial/scenario/combatTest.png
  artifactKey: Guid(e38c96cce4fc3bc47b781fb331ae1648) Importer(815301076,1909f56bfc062723c751e8b465ee728b)
Start importing Assets/tutorial/scenario/combatTest.png using Guid(e38c96cce4fc3bc47b781fb331ae1648) Importer(815301076,1909f56bfc062723c751e8b465ee728b)  -> (artifact id: 'b1a8311f30abc17e8f75bbc94c363c4b') in 0.016036 seconds
Number of updated asset objects reloaded before import = 0
Number of asset objects unloaded after import = 3
========================================================================
Received Import Request.
  Time since last request: 0.000017 seconds.
  path: Assets/tutorial/scenario/deco2.png
  artifactKey: Guid(8afdff2c6d76fb44a94d89d40bea1263) Importer(815301076,1909f56bfc062723c751e8b465ee728b)
Start importing Assets/tutorial/scenario/deco2.png using Guid(8afdff2c6d76fb44a94d89d40bea1263) Importer(815301076,1909f56bfc062723c751e8b465ee728b)  -> (artifact id: 'b16117d017b34ad4f492039184ceffa5') in 0.015568 seconds
Number of updated asset objects reloaded before import = 0
Number of asset objects unloaded after import = 3
========================================================================
Received Import Request.
  Time since last request: 0.000018 seconds.
  path: Assets/tutorial/scenario/tutorial.png
  artifactKey: Guid(3a57a7e93b808bb4a9eb1f8cc670e11c) Importer(815301076,1909f56bfc062723c751e8b465ee728b)
Start importing Assets/tutorial/scenario/tutorial.png using Guid(3a57a7e93b808bb4a9eb1f8cc670e11c) Importer(815301076,1909f56bfc062723c751e8b465ee728b)  -> (artifact id: 'f348b67b87a9fe518f3977fc717ccc12') in 0.016050 seconds
Number of updated asset objects reloaded before import = 0
Number of asset objects unloaded after import = 3
========================================================================
Received Import Request.
  Time since last request: 14.951897 seconds.
  path: Assets/tutorial/scenario/palettes/chairflip_0.asset
  artifactKey: Guid(f1b6cd6158ea1674694204555176a0b3) Importer(815301076,1909f56bfc062723c751e8b465ee728b)
Start importing Assets/tutorial/scenario/palettes/chairflip_0.asset using Guid(f1b6cd6158ea1674694204555176a0b3) Importer(815301076,1909f56bfc062723c751e8b465ee728b)  -> (artifact id: 'b5e1299980504fbfbe9064a1abdf9203') in 0.005166 seconds
Number of updated asset objects reloaded before import = 0
Number of asset objects unloaded after import = 1
========================================================================
Received Import Request.
  Time since last request: 0.003779 seconds.
  path: Assets/tutorial/scenario/palettes/combat.prefab
  artifactKey: Guid(88cc672b534150d4eaa94b47be770f61) Importer(815301076,1909f56bfc062723c751e8b465ee728b)
Start importing Assets/tutorial/scenario/palettes/combat.prefab using Guid(88cc672b534150d4eaa94b47be770f61) Importer(815301076,1909f56bfc062723c751e8b465ee728b)  -> (artifact id: '27b379a63ba0262236442bff18a783e4') in 0.031634 seconds
Number of updated asset objects reloaded before import = 0
Number of asset objects unloaded after import = 24
========================================================================
Received Import Request.
  Time since last request: 0.046743 seconds.
  path: Assets/tutorial/scenario/palettes/highschoolNature_0.asset
  artifactKey: Guid(76800a606a25ecd4891e57489103b3c0) Importer(815301076,1909f56bfc062723c751e8b465ee728b)
Start importing Assets/tutorial/scenario/palettes/highschoolNature_0.asset using Guid(76800a606a25ecd4891e57489103b3c0) Importer(815301076,1909f56bfc062723c751e8b465ee728b)  -> (artifact id: 'ee3b1f54cc0c4d201c43ade28277638f') in 0.001904 seconds
Number of updated asset objects reloaded before import = 0
Number of asset objects unloaded after import = 1
========================================================================
Received Import Request.
  Time since last request: 0.002439 seconds.
  path: Assets/tutorial/scenario/palettes/highschoolNature_1.asset
  artifactKey: Guid(6b0ccc7ce4d356742a52ed99a5d477f4) Importer(815301076,1909f56bfc062723c751e8b465ee728b)
Start importing Assets/tutorial/scenario/palettes/highschoolNature_1.asset using Guid(6b0ccc7ce4d356742a52ed99a5d477f4) Importer(815301076,1909f56bfc062723c751e8b465ee728b)  -> (artifact id: '78ec002fa3d15ab59477dd2ce30ad0f5') in 0.001720 seconds
Number of updated asset objects reloaded before import = 0
Number of asset objects unloaded after import = 1
========================================================================
Received Import Request.
  Time since last request: 0.462747 seconds.
  path: Assets/tutorial/scenario/palettes/outsideWalls_0.asset
  artifactKey: Guid(86020273d9eaee24c805e7ecd6de53b1) Importer(815301076,1909f56bfc062723c751e8b465ee728b)
Start importing Assets/tutorial/scenario/palettes/outsideWalls_0.asset using Guid(86020273d9eaee24c805e7ecd6de53b1) Importer(815301076,1909f56bfc062723c751e8b465ee728b)  -> (artifact id: '9baf0c8708eb6eca2b158813a8a2b6be') in 0.001749 seconds
Number of updated asset objects reloaded before import = 0
Number of asset objects unloaded after import = 1
========================================================================
Received Import Request.
  Time since last request: 0.002159 seconds.
  path: Assets/tutorial/scenario/palettes/outsideWalls_1.asset
  artifactKey: Guid(feaca22909ab61342a1df5a049f7b526) Importer(815301076,1909f56bfc062723c751e8b465ee728b)
Start importing Assets/tutorial/scenario/palettes/outsideWalls_1.asset using Guid(feaca22909ab61342a1df5a049f7b526) Importer(815301076,1909f56bfc062723c751e8b465ee728b)  -> (artifact id: 'ae6062b945c65a27b06e42da95fd476b') in 0.001567 seconds
Number of updated asset objects reloaded before import = 0
Number of asset objects unloaded after import = 1
========================================================================
Received Import Request.
  Time since last request: 0.084472 seconds.
  path: Assets/tutorial/scenario/palettes/tutorial_0.asset
  artifactKey: Guid(38f4f93ed2c31124fa70cc672c464be9) Importer(815301076,1909f56bfc062723c751e8b465ee728b)
Start importing Assets/tutorial/scenario/palettes/tutorial_0.asset using Guid(38f4f93ed2c31124fa70cc672c464be9) Importer(815301076,1909f56bfc062723c751e8b465ee728b)  -> (artifact id: 'd2dd1909ed1d6bb4de7a8b7c4077d86a') in 0.001801 seconds
Number of updated asset objects reloaded before import = 0
Number of asset objects unloaded after import = 1
========================================================================
Received Import Request.
  Time since last request: 0.000291 seconds.
  path: Assets/tutorial/scenario/palettes/tutorial_1.asset
  artifactKey: Guid(49dfb4086846d9a4183e44a9789d8c50) Importer(815301076,1909f56bfc062723c751e8b465ee728b)
Start importing Assets/tutorial/scenario/palettes/tutorial_1.asset using Guid(49dfb4086846d9a4183e44a9789d8c50) Importer(815301076,1909f56bfc062723c751e8b465ee728b)  -> (artifact id: 'c57b811e4c365a49589c75ed880cb1fc') in 0.001607 seconds
Number of updated asset objects reloaded before import = 0
Number of asset objects unloaded after import = 1
========================================================================
Received Import Request.
  Time since last request: 0.001655 seconds.
  path: Assets/tutorial/scenario/palettes/tutorial_2.asset
  artifactKey: Guid(aa89184bdbdb620478c62e7e38fbc2de) Importer(815301076,1909f56bfc062723c751e8b465ee728b)
Start importing Assets/tutorial/scenario/palettes/tutorial_2.asset using Guid(aa89184bdbdb620478c62e7e38fbc2de) Importer(815301076,1909f56bfc062723c751e8b465ee728b)  -> (artifact id: 'e42b53efa44265cc677fcf2eaf5569db') in 0.001605 seconds
Number of updated asset objects reloaded before import = 0
Number of asset objects unloaded after import = 1
========================================================================
Received Prepare
Refreshing native plugins compatible for Editor in 4.12 ms, found 4 plugins.
Preloading 0 native plugins for Editor in 0.00 ms.
Unloading 6 Unused Serialized files (Serialized files now loaded: 0)
Unloading 7 unused Assets / (196.4 KB). Loaded Objects now: 4624.
Memory consumption went from 80.8 MB to 80.6 MB.
Total: 3.539600 ms (FindLiveObjects: 0.243700 ms CreateObjectMapping: 0.096300 ms MarkObjects: 3.070500 ms  DeleteObjects: 0.128400 ms)

Prepare: number of updated asset objects reloaded= 0
AssetImportParameters requested are different than current active one (requested -> active):
  custom:container-demuxer-ogg: 62fdf1f143b41e24485cea50d1cbac27 -> 
  custom:video-decoder-ogg-theora: a1e56fd34408186e4bbccfd4996cb3dc -> 
  custom:framework-win-MediaFoundation: 216162199b28c13a410421893ffa2e32 -> 
  custom:CustomObjectIndexerAttribute: 756ad292c208cfabdd7b50bc23989ffe -> 
  custom:container-demuxer-webm: 4f35f7cbe854078d1ac9338744f61a02 -> 
  custom:container-muxer-webm: aa71ff27fc2769a1b78a27578f13a17b -> 
  custom:video-decoder-webm-vp8: 9c59270c3fd7afecdb556c50c9e8de78 -> 
  custom:SearchIndexIgnoredProperties: e643bd26f0fe6173181afceb89e7c659 -> 
  custom:AudioImporter_EditorPlatform: d09bf68614088b80899f8185d706f6e7 -> 
  custom:video-encoder-webm-vp8: eb34c28f22e8b96e1ab97ce403110664 -> 
  custom:audio-decoder-ogg-vorbis: bf7c407c2cedff20999df2af8eb42d56 -> 
  custom:audio-encoder-webm-vorbis: bf7c407c2cedff20999df2af8eb42d56 -> 
========================================================================
Received Prepare
Begin MonoManager ReloadAssembly
- Loaded All Assemblies, in  1.430 seconds
Refreshing native plugins compatible for Editor in 4.44 ms, found 4 plugins.
Native extension for WindowsStandalone target not found
[Package Manager] Server::EnsureServerProcessIsRunning -- launch failed, reason: Unity was launched with the -noUpm command-line argument
[Package Manager] UpmClient::Send -- Unable to send message (not connected to UPM process).
[Package Manager] Cannot connect to Unity Package Manager local server
Mono: successfully reloaded assembly
- Finished resetting the current domain, in  8.816 seconds
Domain Reload Profiling: 10243ms
	BeginReloadAssembly (140ms)
		ExecutionOrderSort (0ms)
		DisableScriptedObjects (13ms)
		BackupInstance (0ms)
		ReleaseScriptingObjects (0ms)
		CreateAndSetChildDomain (35ms)
	RebuildCommonClasses (24ms)
	RebuildNativeTypeToScriptingClass (8ms)
	initialDomainReloadingComplete (27ms)
	LoadAllAssembliesAndSetupDomain (1226ms)
		LoadAssemblies (1281ms)
		RebuildTransferFunctionScriptingTraits (0ms)
		AnalyzeDomain (10ms)
			TypeCache.Refresh (4ms)
				TypeCache.ScanAssembly (0ms)
			ScanForSourceGeneratedMonoScriptInfo (0ms)
			ResolveRequiredComponents (5ms)
	FinalizeReload (8817ms)
		ReleaseScriptCaches (0ms)
		RebuildScriptCaches (0ms)
		SetupLoadedEditorAssemblies (551ms)
			LogAssemblyErrors (0ms)
			InitializePlatformSupportModulesInManaged (5ms)
			SetLoadedEditorAssemblies (4ms)
			RefreshPlugins (0ms)
			BeforeProcessingInitializeOnLoad (93ms)
			ProcessInitializeOnLoadAttributes (415ms)
			ProcessInitializeOnLoadMethodAttributes (28ms)
			AfterProcessingInitializeOnLoad (6ms)
			EditorAssembliesLoaded (0ms)
		ExecutionOrderSort2 (0ms)
		AwakeInstancesAfterBackupRestoration (11ms)
Refreshing native plugins compatible for Editor in 4.49 ms, found 4 plugins.
Preloading 0 native plugins for Editor in 0.00 ms.
Unloading 4110 Unused Serialized files (Serialized files now loaded: 0)
Unloading 41 unused Assets / (217.0 KB). Loaded Objects now: 4628.
Memory consumption went from 143.9 MB to 143.6 MB.
Total: 3.463500 ms (FindLiveObjects: 0.281800 ms CreateObjectMapping: 0.114300 ms MarkObjects: 2.886000 ms  DeleteObjects: 0.179800 ms)

Prepare: number of updated asset objects reloaded= 0
AssetImportParameters requested are different than current active one (requested -> active):
  custom:container-demuxer-ogg: 62fdf1f143b41e24485cea50d1cbac27 -> 
  custom:video-decoder-ogg-theora: a1e56fd34408186e4bbccfd4996cb3dc -> 
  custom:framework-win-MediaFoundation: 216162199b28c13a410421893ffa2e32 -> 
  custom:CustomObjectIndexerAttribute: 756ad292c208cfabdd7b50bc23989ffe -> 
  custom:container-demuxer-webm: 4f35f7cbe854078d1ac9338744f61a02 -> 
  custom:container-muxer-webm: aa71ff27fc2769a1b78a27578f13a17b -> 
  custom:video-decoder-webm-vp8: 9c59270c3fd7afecdb556c50c9e8de78 -> 
  custom:SearchIndexIgnoredProperties: e643bd26f0fe6173181afceb89e7c659 -> 
  custom:AudioImporter_EditorPlatform: d09bf68614088b80899f8185d706f6e7 -> 
  custom:video-encoder-webm-vp8: eb34c28f22e8b96e1ab97ce403110664 -> 
  custom:audio-decoder-ogg-vorbis: bf7c407c2cedff20999df2af8eb42d56 -> 
  custom:audio-encoder-webm-vorbis: bf7c407c2cedff20999df2af8eb42d56 -> 
========================================================================
Received Import Request.
  Time since last request: 615.230914 seconds.
  path: Assets/tutorial/characters/playerLuna/lunaUI.anim
  artifactKey: Guid(bed521dc60b69ac448f808e170c62b5d) Importer(815301076,1909f56bfc062723c751e8b465ee728b)
Start importing Assets/tutorial/characters/playerLuna/lunaUI.anim using Guid(bed521dc60b69ac448f808e170c62b5d) Importer(815301076,1909f56bfc062723c751e8b465ee728b)  -> (artifact id: '42b72a637472441ae6be2471e5efb835') in 0.008362 seconds
Number of updated asset objects reloaded before import = 0
Number of asset objects unloaded after import = 1
========================================================================
Received Prepare
Begin MonoManager ReloadAssembly
- Loaded All Assemblies, in  0.423 seconds
Refreshing native plugins compatible for Editor in 4.66 ms, found 4 plugins.
Native extension for WindowsStandalone target not found
[Package Manager] Server::EnsureServerProcessIsRunning -- launch failed, reason: Unity was launched with the -noUpm command-line argument
[Package Manager] UpmClient::Send -- Unable to send message (not connected to UPM process).
[Package Manager] Cannot connect to Unity Package Manager local server
Mono: successfully reloaded assembly
- Finished resetting the current domain, in  1.164 seconds
Domain Reload Profiling: 1584ms
	BeginReloadAssembly (145ms)
		ExecutionOrderSort (0ms)
		DisableScriptedObjects (10ms)
		BackupInstance (0ms)
		ReleaseScriptingObjects (0ms)
		CreateAndSetChildDomain (32ms)
	RebuildCommonClasses (25ms)
	RebuildNativeTypeToScriptingClass (8ms)
	initialDomainReloadingComplete (25ms)
	LoadAllAssembliesAndSetupDomain (217ms)
		LoadAssemblies (281ms)
		RebuildTransferFunctionScriptingTraits (0ms)
		AnalyzeDomain (12ms)
			TypeCache.Refresh (6ms)
				TypeCache.ScanAssembly (0ms)
			ScanForSourceGeneratedMonoScriptInfo (0ms)
			ResolveRequiredComponents (5ms)
	FinalizeReload (1165ms)
		ReleaseScriptCaches (0ms)
		RebuildScriptCaches (0ms)
		SetupLoadedEditorAssemblies (618ms)
			LogAssemblyErrors (0ms)
			InitializePlatformSupportModulesInManaged (7ms)
			SetLoadedEditorAssemblies (5ms)
			RefreshPlugins (0ms)
			BeforeProcessingInitializeOnLoad (116ms)
			ProcessInitializeOnLoadAttributes (449ms)
			ProcessInitializeOnLoadMethodAttributes (32ms)
			AfterProcessingInitializeOnLoad (8ms)
			EditorAssembliesLoaded (0ms)
		ExecutionOrderSort2 (0ms)
		AwakeInstancesAfterBackupRestoration (12ms)
Refreshing native plugins compatible for Editor in 4.96 ms, found 4 plugins.
Preloading 0 native plugins for Editor in 0.00 ms.
Unloading 4109 Unused Serialized files (Serialized files now loaded: 0)
Unloading 41 unused Assets / (216.9 KB). Loaded Objects now: 4632.
Memory consumption went from 143.6 MB to 143.4 MB.
Total: 4.060900 ms (FindLiveObjects: 0.290200 ms CreateObjectMapping: 0.436600 ms MarkObjects: 3.074300 ms  DeleteObjects: 0.258500 ms)

Prepare: number of updated asset objects reloaded= 0
AssetImportParameters requested are different than current active one (requested -> active):
  custom:container-demuxer-ogg: 62fdf1f143b41e24485cea50d1cbac27 -> 
  custom:video-decoder-ogg-theora: a1e56fd34408186e4bbccfd4996cb3dc -> 
  custom:framework-win-MediaFoundation: 216162199b28c13a410421893ffa2e32 -> 
  custom:CustomObjectIndexerAttribute: 756ad292c208cfabdd7b50bc23989ffe -> 
  custom:container-demuxer-webm: 4f35f7cbe854078d1ac9338744f61a02 -> 
  custom:container-muxer-webm: aa71ff27fc2769a1b78a27578f13a17b -> 
  custom:video-decoder-webm-vp8: 9c59270c3fd7afecdb556c50c9e8de78 -> 
  custom:SearchIndexIgnoredProperties: e643bd26f0fe6173181afceb89e7c659 -> 
  custom:AudioImporter_EditorPlatform: d09bf68614088b80899f8185d706f6e7 -> 
  custom:video-encoder-webm-vp8: eb34c28f22e8b96e1ab97ce403110664 -> 
  custom:audio-decoder-ogg-vorbis: bf7c407c2cedff20999df2af8eb42d56 -> 
  custom:audio-encoder-webm-vorbis: bf7c407c2cedff20999df2af8eb42d56 -> 
========================================================================
Received Prepare
Begin MonoManager ReloadAssembly
- Loaded All Assemblies, in  0.411 seconds
Refreshing native plugins compatible for Editor in 6.66 ms, found 4 plugins.
Native extension for WindowsStandalone target not found
[Package Manager] Server::EnsureServerProcessIsRunning -- launch failed, reason: Unity was launched with the -noUpm command-line argument
[Package Manager] UpmClient::Send -- Unable to send message (not connected to UPM process).
[Package Manager] Cannot connect to Unity Package Manager local server
Mono: successfully reloaded assembly
- Finished resetting the current domain, in  1.172 seconds
Domain Reload Profiling: 1579ms
	BeginReloadAssembly (137ms)
		ExecutionOrderSort (0ms)
		DisableScriptedObjects (10ms)
		BackupInstance (0ms)
		ReleaseScriptingObjects (0ms)
		CreateAndSetChildDomain (33ms)
	RebuildCommonClasses (25ms)
	RebuildNativeTypeToScriptingClass (8ms)
	initialDomainReloadingComplete (25ms)
	LoadAllAssembliesAndSetupDomain (212ms)
		LoadAssemblies (269ms)
		RebuildTransferFunctionScriptingTraits (0ms)
		AnalyzeDomain (12ms)
			TypeCache.Refresh (5ms)
				TypeCache.ScanAssembly (0ms)
			ScanForSourceGeneratedMonoScriptInfo (0ms)
			ResolveRequiredComponents (6ms)
	FinalizeReload (1172ms)
		ReleaseScriptCaches (0ms)
		RebuildScriptCaches (0ms)
		SetupLoadedEditorAssemblies (622ms)
			LogAssemblyErrors (0ms)
			InitializePlatformSupportModulesInManaged (7ms)
			SetLoadedEditorAssemblies (5ms)
			RefreshPlugins (0ms)
			BeforeProcessingInitializeOnLoad (100ms)
			ProcessInitializeOnLoadAttributes (473ms)
			ProcessInitializeOnLoadMethodAttributes (31ms)
			AfterProcessingInitializeOnLoad (6ms)
			EditorAssembliesLoaded (0ms)
		ExecutionOrderSort2 (0ms)
		AwakeInstancesAfterBackupRestoration (12ms)
Refreshing native plugins compatible for Editor in 4.60 ms, found 4 plugins.
Preloading 0 native plugins for Editor in 0.00 ms.
Unloading 4110 Unused Serialized files (Serialized files now loaded: 0)
Unloading 41 unused Assets / (217.1 KB). Loaded Objects now: 4636.
Memory consumption went from 143.9 MB to 143.7 MB.
Total: 4.560300 ms (FindLiveObjects: 0.254900 ms CreateObjectMapping: 0.237800 ms MarkObjects: 3.872600 ms  DeleteObjects: 0.193600 ms)

Prepare: number of updated asset objects reloaded= 0
AssetImportParameters requested are different than current active one (requested -> active):
  custom:container-demuxer-ogg: 62fdf1f143b41e24485cea50d1cbac27 -> 
  custom:video-decoder-ogg-theora: a1e56fd34408186e4bbccfd4996cb3dc -> 
  custom:framework-win-MediaFoundation: 216162199b28c13a410421893ffa2e32 -> 
  custom:CustomObjectIndexerAttribute: 756ad292c208cfabdd7b50bc23989ffe -> 
  custom:container-demuxer-webm: 4f35f7cbe854078d1ac9338744f61a02 -> 
  custom:container-muxer-webm: aa71ff27fc2769a1b78a27578f13a17b -> 
  custom:video-decoder-webm-vp8: 9c59270c3fd7afecdb556c50c9e8de78 -> 
  custom:SearchIndexIgnoredProperties: e643bd26f0fe6173181afceb89e7c659 -> 
  custom:AudioImporter_EditorPlatform: d09bf68614088b80899f8185d706f6e7 -> 
  custom:video-encoder-webm-vp8: eb34c28f22e8b96e1ab97ce403110664 -> 
  custom:audio-decoder-ogg-vorbis: bf7c407c2cedff20999df2af8eb42d56 -> 
  custom:audio-encoder-webm-vorbis: bf7c407c2cedff20999df2af8eb42d56 -> 
========================================================================
Received Prepare
Begin MonoManager ReloadAssembly
- Loaded All Assemblies, in  0.431 seconds
Refreshing native plugins compatible for Editor in 5.95 ms, found 4 plugins.
Native extension for WindowsStandalone target not found
[Package Manager] Server::EnsureServerProcessIsRunning -- launch failed, reason: Unity was launched with the -noUpm command-line argument
[Package Manager] UpmClient::Send -- Unable to send message (not connected to UPM process).
[Package Manager] Cannot connect to Unity Package Manager local server
Mono: successfully reloaded assembly
- Finished resetting the current domain, in  1.194 seconds
Domain Reload Profiling: 1622ms
	BeginReloadAssembly (148ms)
		ExecutionOrderSort (0ms)
		DisableScriptedObjects (10ms)
		BackupInstance (0ms)
		ReleaseScriptingObjects (0ms)
		CreateAndSetChildDomain (35ms)
	RebuildCommonClasses (24ms)
	RebuildNativeTypeToScriptingClass (9ms)
	initialDomainReloadingComplete (27ms)
	LoadAllAssembliesAndSetupDomain (219ms)
		LoadAssemblies (285ms)
		RebuildTransferFunctionScriptingTraits (0ms)
		AnalyzeDomain (11ms)
			TypeCache.Refresh (4ms)
				TypeCache.ScanAssembly (0ms)
			ScanForSourceGeneratedMonoScriptInfo (0ms)
			ResolveRequiredComponents (5ms)
	FinalizeReload (1195ms)
		ReleaseScriptCaches (0ms)
		RebuildScriptCaches (0ms)
		SetupLoadedEditorAssemblies (641ms)
			LogAssemblyErrors (0ms)
			InitializePlatformSupportModulesInManaged (5ms)
			SetLoadedEditorAssemblies (4ms)
			RefreshPlugins (0ms)
			BeforeProcessingInitializeOnLoad (103ms)
			ProcessInitializeOnLoadAttributes (491ms)
			ProcessInitializeOnLoadMethodAttributes (32ms)
			AfterProcessingInitializeOnLoad (6ms)
			EditorAssembliesLoaded (0ms)
		ExecutionOrderSort2 (0ms)
		AwakeInstancesAfterBackupRestoration (13ms)
Refreshing native plugins compatible for Editor in 5.29 ms, found 4 plugins.
Preloading 0 native plugins for Editor in 0.00 ms.
Unloading 4110 Unused Serialized files (Serialized files now loaded: 0)
Unloading 41 unused Assets / (217.1 KB). Loaded Objects now: 4640.
Memory consumption went from 143.9 MB to 143.7 MB.
Total: 4.537200 ms (FindLiveObjects: 0.297300 ms CreateObjectMapping: 0.110000 ms MarkObjects: 3.931100 ms  DeleteObjects: 0.197700 ms)

Prepare: number of updated asset objects reloaded= 0
AssetImportParameters requested are different than current active one (requested -> active):
  custom:container-demuxer-ogg: 62fdf1f143b41e24485cea50d1cbac27 -> 
  custom:video-decoder-ogg-theora: a1e56fd34408186e4bbccfd4996cb3dc -> 
  custom:framework-win-MediaFoundation: 216162199b28c13a410421893ffa2e32 -> 
  custom:CustomObjectIndexerAttribute: 756ad292c208cfabdd7b50bc23989ffe -> 
  custom:container-demuxer-webm: 4f35f7cbe854078d1ac9338744f61a02 -> 
  custom:container-muxer-webm: aa71ff27fc2769a1b78a27578f13a17b -> 
  custom:video-decoder-webm-vp8: 9c59270c3fd7afecdb556c50c9e8de78 -> 
  custom:SearchIndexIgnoredProperties: e643bd26f0fe6173181afceb89e7c659 -> 
  custom:AudioImporter_EditorPlatform: d09bf68614088b80899f8185d706f6e7 -> 
  custom:video-encoder-webm-vp8: eb34c28f22e8b96e1ab97ce403110664 -> 
  custom:audio-decoder-ogg-vorbis: bf7c407c2cedff20999df2af8eb42d56 -> 
  custom:audio-encoder-webm-vorbis: bf7c407c2cedff20999df2af8eb42d56 -> 
========================================================================
Received Prepare
Begin MonoManager ReloadAssembly
- Loaded All Assemblies, in  0.413 seconds
Refreshing native plugins compatible for Editor in 4.10 ms, found 4 plugins.
Native extension for WindowsStandalone target not found
[Package Manager] Server::EnsureServerProcessIsRunning -- launch failed, reason: Unity was launched with the -noUpm command-line argument
[Package Manager] UpmClient::Send -- Unable to send message (not connected to UPM process).
[Package Manager] Cannot connect to Unity Package Manager local server
Mono: successfully reloaded assembly
- Finished resetting the current domain, in  1.094 seconds
Domain Reload Profiling: 1505ms
	BeginReloadAssembly (138ms)
		ExecutionOrderSort (0ms)
		DisableScriptedObjects (10ms)
		BackupInstance (0ms)
		ReleaseScriptingObjects (0ms)
		CreateAndSetChildDomain (32ms)
	RebuildCommonClasses (25ms)
	RebuildNativeTypeToScriptingClass (8ms)
	initialDomainReloadingComplete (26ms)
	LoadAllAssembliesAndSetupDomain (214ms)
		LoadAssemblies (267ms)
		RebuildTransferFunctionScriptingTraits (0ms)
		AnalyzeDomain (14ms)
			TypeCache.Refresh (5ms)
				TypeCache.ScanAssembly (0ms)
			ScanForSourceGeneratedMonoScriptInfo (0ms)
			ResolveRequiredComponents (7ms)
	FinalizeReload (1095ms)
		ReleaseScriptCaches (0ms)
		RebuildScriptCaches (0ms)
		SetupLoadedEditorAssemblies (557ms)
			LogAssemblyErrors (0ms)
			InitializePlatformSupportModulesInManaged (5ms)
			SetLoadedEditorAssemblies (4ms)
			RefreshPlugins (0ms)
			BeforeProcessingInitializeOnLoad (95ms)
			ProcessInitializeOnLoadAttributes (416ms)
			ProcessInitializeOnLoadMethodAttributes (30ms)
			AfterProcessingInitializeOnLoad (7ms)
			EditorAssembliesLoaded (0ms)
		ExecutionOrderSort2 (0ms)
		AwakeInstancesAfterBackupRestoration (12ms)
Refreshing native plugins compatible for Editor in 3.71 ms, found 4 plugins.
Preloading 0 native plugins for Editor in 0.00 ms.
Unloading 4110 Unused Serialized files (Serialized files now loaded: 0)
Unloading 41 unused Assets / (217.2 KB). Loaded Objects now: 4644.
Memory consumption went from 143.9 MB to 143.7 MB.
Total: 3.460700 ms (FindLiveObjects: 0.270200 ms CreateObjectMapping: 0.130200 ms MarkObjects: 2.814500 ms  DeleteObjects: 0.244900 ms)

Prepare: number of updated asset objects reloaded= 0
AssetImportParameters requested are different than current active one (requested -> active):
  custom:container-demuxer-ogg: 62fdf1f143b41e24485cea50d1cbac27 -> 
  custom:video-decoder-ogg-theora: a1e56fd34408186e4bbccfd4996cb3dc -> 
  custom:framework-win-MediaFoundation: 216162199b28c13a410421893ffa2e32 -> 
  custom:CustomObjectIndexerAttribute: 756ad292c208cfabdd7b50bc23989ffe -> 
  custom:container-demuxer-webm: 4f35f7cbe854078d1ac9338744f61a02 -> 
  custom:container-muxer-webm: aa71ff27fc2769a1b78a27578f13a17b -> 
  custom:video-decoder-webm-vp8: 9c59270c3fd7afecdb556c50c9e8de78 -> 
  custom:SearchIndexIgnoredProperties: e643bd26f0fe6173181afceb89e7c659 -> 
  custom:AudioImporter_EditorPlatform: d09bf68614088b80899f8185d706f6e7 -> 
  custom:video-encoder-webm-vp8: eb34c28f22e8b96e1ab97ce403110664 -> 
  custom:audio-decoder-ogg-vorbis: bf7c407c2cedff20999df2af8eb42d56 -> 
  custom:audio-encoder-webm-vorbis: bf7c407c2cedff20999df2af8eb42d56 -> 
========================================================================
Received Import Request.
  Time since last request: 637.213164 seconds.
  path: Assets/tutorial/scenario/palettes/tutorial_0.asset
  artifactKey: Guid(38f4f93ed2c31124fa70cc672c464be9) Importer(815301076,1909f56bfc062723c751e8b465ee728b)
Start importing Assets/tutorial/scenario/palettes/tutorial_0.asset using Guid(38f4f93ed2c31124fa70cc672c464be9) Importer(815301076,1909f56bfc062723c751e8b465ee728b)  -> (artifact id: '91fb7335ef8b24624f29f3e44e5852ef') in 0.041322 seconds
Number of updated asset objects reloaded before import = 0
Number of asset objects unloaded after import = 3
========================================================================
Received Import Request.
  Time since last request: 0.007496 seconds.
  path: Assets/tutorial/scenario/palettes/tutorial_5.asset
  artifactKey: Guid(6dd94c867753d474981550af15b4a553) Importer(815301076,1909f56bfc062723c751e8b465ee728b)
Start importing Assets/tutorial/scenario/palettes/tutorial_5.asset using Guid(6dd94c867753d474981550af15b4a553) Importer(815301076,1909f56bfc062723c751e8b465ee728b)  -> (artifact id: '9c611e7266edf89a65b4a3ba1cf5dca5') in 0.014369 seconds
Number of updated asset objects reloaded before import = 0
Number of asset objects unloaded after import = 3
========================================================================
Received Import Request.
  Time since last request: 0.000032 seconds.
  path: Assets/tutorial/scenario/palettes/tutorial_1.asset
  artifactKey: Guid(49dfb4086846d9a4183e44a9789d8c50) Importer(815301076,1909f56bfc062723c751e8b465ee728b)
Start importing Assets/tutorial/scenario/palettes/tutorial_1.asset using Guid(49dfb4086846d9a4183e44a9789d8c50) Importer(815301076,1909f56bfc062723c751e8b465ee728b)  -> (artifact id: 'e87271fc72d1f031c07c9f166b18e08e') in 0.018287 seconds
Number of updated asset objects reloaded before import = 0
Number of asset objects unloaded after import = 3
========================================================================
Received Import Request.
  Time since last request: 0.000025 seconds.
  path: Assets/tutorial/scenario/palettes/tutorial_11.asset
  artifactKey: Guid(3da577982749b3846972e09d2709ebd6) Importer(815301076,1909f56bfc062723c751e8b465ee728b)
Start importing Assets/tutorial/scenario/palettes/tutorial_11.asset using Guid(3da577982749b3846972e09d2709ebd6) Importer(815301076,1909f56bfc062723c751e8b465ee728b)  -> (artifact id: 'e6a21a73bc0a68e7df2e732310d5e038') in 0.015704 seconds
Number of updated asset objects reloaded before import = 0
Number of asset objects unloaded after import = 3
========================================================================
Received Import Request.
  Time since last request: 0.000034 seconds.
  path: Assets/tutorial/scenario/palettes/tutorial_13.asset
  artifactKey: Guid(727d89a55bc925e4a92b30fa0bab9c86) Importer(815301076,1909f56bfc062723c751e8b465ee728b)
Start importing Assets/tutorial/scenario/palettes/tutorial_13.asset using Guid(727d89a55bc925e4a92b30fa0bab9c86) Importer(815301076,1909f56bfc062723c751e8b465ee728b)  -> (artifact id: '9e7823b46f0b80229815d9b0722050a5') in 0.017782 seconds
Number of updated asset objects reloaded before import = 0
Number of asset objects unloaded after import = 3
========================================================================
Received Import Request.
  Time since last request: 0.000032 seconds.
  path: Assets/tutorial/scenario/palettes/tutorial_9.asset
  artifactKey: Guid(1dfd4f38cd5356c4c89057db722bc6cf) Importer(815301076,1909f56bfc062723c751e8b465ee728b)
Start importing Assets/tutorial/scenario/palettes/tutorial_9.asset using Guid(1dfd4f38cd5356c4c89057db722bc6cf) Importer(815301076,1909f56bfc062723c751e8b465ee728b)  -> (artifact id: '537b3f1856b4dcdbd54d403ca1f6dadb') in 0.013548 seconds
Number of updated asset objects reloaded before import = 0
Number of asset objects unloaded after import = 3
========================================================================
Received Import Request.
  Time since last request: 0.000016 seconds.
  path: Assets/tutorial/scenario/palettes/tutorial_12.asset
  artifactKey: Guid(e58b63d73547976498d31b086b06c7c6) Importer(815301076,1909f56bfc062723c751e8b465ee728b)
Start importing Assets/tutorial/scenario/palettes/tutorial_12.asset using Guid(e58b63d73547976498d31b086b06c7c6) Importer(815301076,1909f56bfc062723c751e8b465ee728b)  -> (artifact id: 'b7318ec917ad4cd14584af9f30b6ac41') in 0.013097 seconds
Number of updated asset objects reloaded before import = 0
Number of asset objects unloaded after import = 3
Editor requested this worker to shutdown with reason: Scaling down because of idle timeout
TcpMessagingSession - receive error: operation aborted. errorcode: 995, details: La operación de E/S se anuló por una salida de subproceso o por una solicitud de aplicación.
AssetImportWorker is now disconnected from the server
Process exiting
Exiting without the bug reporter. Application will terminate with return code 0