Using pre-set license
Built from '2022.3/staging' branch; Version is '2022.3.10f1 (ff3792e53c62) revision 16725906'; Using compiler version '192829333'; Build Type 'Release'
OS: 'Windows 11  (10.0.22621) 64bit Professional' Language: 'es' Physical Memory: 15663 MB
BatchMode: 1, IsHumanControllingUs: 0, StartBugReporterOnCrash: 0, Is64bit: 1, IsPro: 1

COMMAND LINE ARGUMENTS:
C:\Program Files\Unity\Hub\Editor\2022.3.10f1\Editor\Unity.exe
-adb2
-batchMode
-noUpm
-name
AssetImportWorker1
-projectPath
C:/Users/User/Desktop/STOSv2
-logFile
Logs/AssetImportWorker1.log
-srvPort
55797
Successfully changed project path to: C:/Users/User/Desktop/STOSv2
C:/Users/User/Desktop/STOSv2
[UnityMemory] Configuration Parameters - Can be set up in boot.config
    "memorysetup-bucket-allocator-granularity=16"
    "memorysetup-bucket-allocator-bucket-count=8"
    "memorysetup-bucket-allocator-block-size=33554432"
    "memorysetup-bucket-allocator-block-count=8"
    "memorysetup-main-allocator-block-size=16777216"
    "memorysetup-thread-allocator-block-size=16777216"
    "memorysetup-gfx-main-allocator-block-size=16777216"
    "memorysetup-gfx-thread-allocator-block-size=16777216"
    "memorysetup-cache-allocator-block-size=4194304"
    "memorysetup-typetree-allocator-block-size=2097152"
    "memorysetup-profiler-bucket-allocator-granularity=16"
    "memorysetup-profiler-bucket-allocator-bucket-count=8"
    "memorysetup-profiler-bucket-allocator-block-size=33554432"
    "memorysetup-profiler-bucket-allocator-block-count=8"
    "memorysetup-profiler-allocator-block-size=16777216"
    "memorysetup-profiler-editor-allocator-block-size=1048576"
    "memorysetup-temp-allocator-size-main=16777216"
    "memorysetup-job-temp-allocator-block-size=2097152"
    "memorysetup-job-temp-allocator-block-size-background=1048576"
    "memorysetup-job-temp-allocator-reduction-small-platforms=262144"
    "memorysetup-allocator-temp-initial-block-size-main=262144"
    "memorysetup-allocator-temp-initial-block-size-worker=262144"
    "memorysetup-temp-allocator-size-background-worker=32768"
    "memorysetup-temp-allocator-size-job-worker=262144"
    "memorysetup-temp-allocator-size-preload-manager=33554432"
    "memorysetup-temp-allocator-size-nav-mesh-worker=65536"
    "memorysetup-temp-allocator-size-audio-worker=65536"
    "memorysetup-temp-allocator-size-cloud-worker=32768"
    "memorysetup-temp-allocator-size-gi-baking-worker=262144"
    "memorysetup-temp-allocator-size-gfx=262144"
Player connection [41576] Host "[IP] 192.168.1.54 [Port] 0 [Flags] 2 [Guid] 314991837 [EditorId] 314991837 [Version] 1048832 [Id] WindowsEditor(7,FOURTHJOSE-DESKTOP) [Debug] 1 [PackageName] WindowsEditor [ProjectName] Editor" joined multi-casting on [225.0.0.222:54997]...

Player connection [41576] Host "[IP] 192.168.1.54 [Port] 0 [Flags] 2 [Guid] 314991837 [EditorId] 314991837 [Version] 1048832 [Id] WindowsEditor(7,FOURTHJOSE-DESKTOP) [Debug] 1 [PackageName] WindowsEditor [ProjectName] Editor" joined alternative multi-casting on [225.0.0.222:34997]...

[Physics::Module] Initialized MultithreadedJobDispatcher with 15 workers.
Refreshing native plugins compatible for Editor in 9.56 ms, found 4 plugins.
Preloading 0 native plugins for Editor in 0.00 ms.
Initialize engine version: 2022.3.10f1 (ff3792e53c62)
[Subsystems] Discovering subsystems at path C:/Program Files/Unity/Hub/Editor/2022.3.10f1/Editor/Data/Resources/UnitySubsystems
[Subsystems] Discovering subsystems at path C:/Users/User/Desktop/STOSv2/Assets
GfxDevice: creating device client; threaded=0; jobified=0
Direct3D:
    Version:  Direct3D 11.0 [level 11.1]
    Renderer: AMD Radeon(TM) Graphics (ID=0x1638)
    Vendor:   ATI
    VRAM:     7831 MB
    Driver:   31.0.21905.1001
Initialize mono
Mono path[0] = 'C:/Program Files/Unity/Hub/Editor/2022.3.10f1/Editor/Data/Managed'
Mono path[1] = 'C:/Program Files/Unity/Hub/Editor/2022.3.10f1/Editor/Data/MonoBleedingEdge/lib/mono/unityjit-win32'
Mono config path = 'C:/Program Files/Unity/Hub/Editor/2022.3.10f1/Editor/Data/MonoBleedingEdge/etc'
Using monoOptions --debugger-agent=transport=dt_socket,embedding=1,server=y,suspend=n,address=127.0.0.1:56748
Begin MonoManager ReloadAssembly
Registering precompiled unity dll's ...
Register platform support module: C:/Program Files/Unity/Hub/Editor/2022.3.10f1/Editor/Data/PlaybackEngines/WindowsStandaloneSupport/UnityEditor.WindowsStandalone.Extensions.dll
Registered in 0.006880 seconds.
- Loaded All Assemblies, in  0.456 seconds
Native extension for WindowsStandalone target not found
Mono: successfully reloaded assembly
- Finished resetting the current domain, in  0.308 seconds
Domain Reload Profiling: 761ms
	BeginReloadAssembly (149ms)
		ExecutionOrderSort (0ms)
		DisableScriptedObjects (0ms)
		BackupInstance (0ms)
		ReleaseScriptingObjects (0ms)
		CreateAndSetChildDomain (1ms)
	RebuildCommonClasses (43ms)
	RebuildNativeTypeToScriptingClass (9ms)
	initialDomainReloadingComplete (66ms)
	LoadAllAssembliesAndSetupDomain (186ms)
		LoadAssemblies (148ms)
		RebuildTransferFunctionScriptingTraits (0ms)
		AnalyzeDomain (183ms)
			TypeCache.Refresh (181ms)
				TypeCache.ScanAssembly (166ms)
			ScanForSourceGeneratedMonoScriptInfo (0ms)
			ResolveRequiredComponents (1ms)
	FinalizeReload (308ms)
		ReleaseScriptCaches (0ms)
		RebuildScriptCaches (0ms)
		SetupLoadedEditorAssemblies (237ms)
			LogAssemblyErrors (0ms)
			InitializePlatformSupportModulesInManaged (9ms)
			SetLoadedEditorAssemblies (7ms)
			RefreshPlugins (0ms)
			BeforeProcessingInitializeOnLoad (2ms)
			ProcessInitializeOnLoadAttributes (155ms)
			ProcessInitializeOnLoadMethodAttributes (64ms)
			AfterProcessingInitializeOnLoad (0ms)
			EditorAssembliesLoaded (0ms)
		ExecutionOrderSort2 (0ms)
		AwakeInstancesAfterBackupRestoration (0ms)
========================================================================
Worker process is ready to serve import requests
Begin MonoManager ReloadAssembly
- Loaded All Assemblies, in  0.836 seconds
Refreshing native plugins compatible for Editor in 4.81 ms, found 4 plugins.
Native extension for WindowsStandalone target not found
Package Manager log level set to [2]
[Package Manager] Server::EnsureServerProcessIsRunning -- launch failed, reason: Unity was launched with the -noUpm command-line argument
[Package Manager] UpmClient::Send -- Unable to send message (not connected to UPM process).
[Package Manager] Cannot connect to Unity Package Manager local server
Mono: successfully reloaded assembly
- Finished resetting the current domain, in  0.830 seconds
Domain Reload Profiling: 1662ms
	BeginReloadAssembly (173ms)
		ExecutionOrderSort (0ms)
		DisableScriptedObjects (7ms)
		BackupInstance (0ms)
		ReleaseScriptingObjects (0ms)
		CreateAndSetChildDomain (22ms)
	RebuildCommonClasses (34ms)
	RebuildNativeTypeToScriptingClass (9ms)
	initialDomainReloadingComplete (44ms)
	LoadAllAssembliesAndSetupDomain (572ms)
		LoadAssemblies (482ms)
		RebuildTransferFunctionScriptingTraits (0ms)
		AnalyzeDomain (188ms)
			TypeCache.Refresh (161ms)
				TypeCache.ScanAssembly (142ms)
			ScanForSourceGeneratedMonoScriptInfo (20ms)
			ResolveRequiredComponents (6ms)
	FinalizeReload (830ms)
		ReleaseScriptCaches (0ms)
		RebuildScriptCaches (0ms)
		SetupLoadedEditorAssemblies (653ms)
			LogAssemblyErrors (0ms)
			InitializePlatformSupportModulesInManaged (6ms)
			SetLoadedEditorAssemblies (6ms)
			RefreshPlugins (0ms)
			BeforeProcessingInitializeOnLoad (100ms)
			ProcessInitializeOnLoadAttributes (494ms)
			ProcessInitializeOnLoadMethodAttributes (41ms)
			AfterProcessingInitializeOnLoad (7ms)
			EditorAssembliesLoaded (0ms)
		ExecutionOrderSort2 (0ms)
		AwakeInstancesAfterBackupRestoration (7ms)
Launched and connected shader compiler UnityShaderCompiler.exe after 0.05 seconds
Refreshing native plugins compatible for Editor in 4.31 ms, found 4 plugins.
Preloading 0 native plugins for Editor in 0.00 ms.
Unloading 4128 Unused Serialized files (Serialized files now loaded: 0)
Unloading 68 unused Assets / (217.6 KB). Loaded Objects now: 4592.
Memory consumption went from 143.7 MB to 143.5 MB.
Total: 4.146900 ms (FindLiveObjects: 0.370700 ms CreateObjectMapping: 0.117000 ms MarkObjects: 3.467700 ms  DeleteObjects: 0.188900 ms)

AssetImportParameters requested are different than current active one (requested -> active):
  custom:container-demuxer-ogg: 62fdf1f143b41e24485cea50d1cbac27 -> 
  custom:video-decoder-ogg-theora: a1e56fd34408186e4bbccfd4996cb3dc -> 
  custom:framework-win-MediaFoundation: 216162199b28c13a410421893ffa2e32 -> 
  custom:container-demuxer-webm: 4f35f7cbe854078d1ac9338744f61a02 -> 
  custom:container-muxer-webm: aa71ff27fc2769a1b78a27578f13a17b -> 
  custom:video-decoder-webm-vp8: 9c59270c3fd7afecdb556c50c9e8de78 -> 
  custom:AudioImporter_EditorPlatform: d09bf68614088b80899f8185d706f6e7 -> 
  custom:video-encoder-webm-vp8: eb34c28f22e8b96e1ab97ce403110664 -> 
  custom:audio-decoder-ogg-vorbis: bf7c407c2cedff20999df2af8eb42d56 -> 
  custom:audio-encoder-webm-vorbis: bf7c407c2cedff20999df2af8eb42d56 -> 
========================================================================
Received Import Request.
  Time since last request: 32001.613054 seconds.
  path: Assets/tutorial/characters/enemy001/enemyGetHit.png
  artifactKey: Guid(8db383da22bf3eb46afa1a98b9f1522a) Importer(815301076,1909f56bfc062723c751e8b465ee728b)
Start importing Assets/tutorial/characters/enemy001/enemyGetHit.png using Guid(8db383da22bf3eb46afa1a98b9f1522a) Importer(815301076,1909f56bfc062723c751e8b465ee728b)  -> (artifact id: '9c53cd4246f09247bfd677448f6fcfa9') in 0.086058 seconds
Number of updated asset objects reloaded before import = 0
Number of asset objects unloaded after import = 3
========================================================================
Received Import Request.
  Time since last request: 0.000025 seconds.
  path: Assets/tutorial/characters/playerLuna/dustParticle.png
  artifactKey: Guid(baf6a47dcc9f6a449a06a5a3d525f893) Importer(815301076,1909f56bfc062723c751e8b465ee728b)
Start importing Assets/tutorial/characters/playerLuna/dustParticle.png using Guid(baf6a47dcc9f6a449a06a5a3d525f893) Importer(815301076,1909f56bfc062723c751e8b465ee728b)  -> (artifact id: 'fc0ebbe5b160e3477e8d8f64b9d3de52') in 0.018054 seconds
Number of updated asset objects reloaded before import = 0
Number of asset objects unloaded after import = 3
========================================================================
Received Import Request.
  Time since last request: 0.000015 seconds.
  path: Assets/tutorial/characters/playerLuna/hitSprite.png
  artifactKey: Guid(ea5a2405a32282e40af717f0ce4e90d9) Importer(815301076,1909f56bfc062723c751e8b465ee728b)
Start importing Assets/tutorial/characters/playerLuna/hitSprite.png using Guid(ea5a2405a32282e40af717f0ce4e90d9) Importer(815301076,1909f56bfc062723c751e8b465ee728b)  -> (artifact id: '6760d21645027fbed8cf02349426955a') in 0.018199 seconds
Number of updated asset objects reloaded before import = 0
Number of asset objects unloaded after import = 3
========================================================================
Received Import Request.
  Time since last request: 0.000015 seconds.
  path: Assets/tutorial/characters/playerLuna/lunaWalking.png
  artifactKey: Guid(be85a262a3d2ea349b88663aa74b9612) Importer(815301076,1909f56bfc062723c751e8b465ee728b)
Start importing Assets/tutorial/characters/playerLuna/lunaWalking.png using Guid(be85a262a3d2ea349b88663aa74b9612) Importer(815301076,1909f56bfc062723c751e8b465ee728b)  -> (artifact id: '15642ac30c5fd8229d07f2ef13d6fb28') in 0.017716 seconds
Number of updated asset objects reloaded before import = 0
Number of asset objects unloaded after import = 3
========================================================================
Received Import Request.
  Time since last request: 9.221638 seconds.
  path: Assets/tutorial/scenario/cafeteria1.png
  artifactKey: Guid(5c48cc05ba7499f4999ed5c037569297) Importer(815301076,1909f56bfc062723c751e8b465ee728b)
Start importing Assets/tutorial/scenario/cafeteria1.png using Guid(5c48cc05ba7499f4999ed5c037569297) Importer(815301076,1909f56bfc062723c751e8b465ee728b)  -> (artifact id: 'd6c779deff63eaa1ef6672853303defa') in 0.015422 seconds
Number of updated asset objects reloaded before import = 0
Number of asset objects unloaded after import = 3
========================================================================
Received Import Request.
  Time since last request: 0.004981 seconds.
  path: Assets/tutorial/scenario/deco1.png
  artifactKey: Guid(93b695c5ead1df54cb3683a485b9e902) Importer(815301076,1909f56bfc062723c751e8b465ee728b)
Start importing Assets/tutorial/scenario/deco1.png using Guid(93b695c5ead1df54cb3683a485b9e902) Importer(815301076,1909f56bfc062723c751e8b465ee728b)  -> (artifact id: 'd76134e19bba0279e582c27a1bf7d39f') in 0.016042 seconds
Number of updated asset objects reloaded before import = 0
Number of asset objects unloaded after import = 3
========================================================================
Received Import Request.
  Time since last request: 0.000013 seconds.
  path: Assets/tutorial/scenario/outsideWalls.png
  artifactKey: Guid(ef9c6a217e161c8409f3343326f4b787) Importer(815301076,1909f56bfc062723c751e8b465ee728b)
Start importing Assets/tutorial/scenario/outsideWalls.png using Guid(ef9c6a217e161c8409f3343326f4b787) Importer(815301076,1909f56bfc062723c751e8b465ee728b)  -> (artifact id: '825475380798fe0bf5489d2bf7ea77fa') in 0.017453 seconds
Number of updated asset objects reloaded before import = 0
Number of asset objects unloaded after import = 3
========================================================================
Received Import Request.
  Time since last request: 14.970736 seconds.
  path: Assets/tutorial/scenario/palettes/chairflip_1.asset
  artifactKey: Guid(c6f7c6db26d6fe54b8d13cf88050ab97) Importer(815301076,1909f56bfc062723c751e8b465ee728b)
Start importing Assets/tutorial/scenario/palettes/chairflip_1.asset using Guid(c6f7c6db26d6fe54b8d13cf88050ab97) Importer(815301076,1909f56bfc062723c751e8b465ee728b)  -> (artifact id: '63b28d92abbab2027f61badbd7915cd5') in 0.005025 seconds
Number of updated asset objects reloaded before import = 0
Number of asset objects unloaded after import = 1
========================================================================
Received Import Request.
  Time since last request: 0.003298 seconds.
  path: Assets/tutorial/scenario/palettes/combatTest_0.asset
  artifactKey: Guid(ddf14a52bcdc15a479dab903260de4e7) Importer(815301076,1909f56bfc062723c751e8b465ee728b)
Start importing Assets/tutorial/scenario/palettes/combatTest_0.asset using Guid(ddf14a52bcdc15a479dab903260de4e7) Importer(815301076,1909f56bfc062723c751e8b465ee728b)  -> (artifact id: 'f67e61ee6a1c7cab0288ee588f8cbfde') in 0.002177 seconds
Number of updated asset objects reloaded before import = 0
Number of asset objects unloaded after import = 1
========================================================================
Received Import Request.
  Time since last request: 0.001705 seconds.
  path: Assets/tutorial/scenario/palettes/combatTest_1.asset
  artifactKey: Guid(3600e85bf7cd128439f5df20a7b1b172) Importer(815301076,1909f56bfc062723c751e8b465ee728b)
Start importing Assets/tutorial/scenario/palettes/combatTest_1.asset using Guid(3600e85bf7cd128439f5df20a7b1b172) Importer(815301076,1909f56bfc062723c751e8b465ee728b)  -> (artifact id: 'e713bd307977a8da6fd6e4f254d7607f') in 0.002354 seconds
Number of updated asset objects reloaded before import = 0
Number of asset objects unloaded after import = 1
========================================================================
Received Import Request.
  Time since last request: 0.000015 seconds.
  path: Assets/tutorial/scenario/palettes/combatTest_2.asset
  artifactKey: Guid(ddeb275fd1383584e93f27d7b88d62bc) Importer(815301076,1909f56bfc062723c751e8b465ee728b)
Start importing Assets/tutorial/scenario/palettes/combatTest_2.asset using Guid(ddeb275fd1383584e93f27d7b88d62bc) Importer(815301076,1909f56bfc062723c751e8b465ee728b)  -> (artifact id: '8f5b7ddf4d39f1b4c9b3877c06bb890b') in 0.001887 seconds
Number of updated asset objects reloaded before import = 0
Number of asset objects unloaded after import = 1
========================================================================
Received Import Request.
  Time since last request: 0.001919 seconds.
  path: Assets/tutorial/scenario/palettes/combatTest_3.asset
  artifactKey: Guid(5b167212f04c8f543b332fade0abc5da) Importer(815301076,1909f56bfc062723c751e8b465ee728b)
Start importing Assets/tutorial/scenario/palettes/combatTest_3.asset using Guid(5b167212f04c8f543b332fade0abc5da) Importer(815301076,1909f56bfc062723c751e8b465ee728b)  -> (artifact id: 'f1f013ddb6c1f6349cc2114b4628e3b9') in 0.001849 seconds
Number of updated asset objects reloaded before import = 0
Number of asset objects unloaded after import = 1
========================================================================
Received Prepare
Refreshing native plugins compatible for Editor in 4.04 ms, found 4 plugins.
Preloading 0 native plugins for Editor in 0.00 ms.
Unloading 6 Unused Serialized files (Serialized files now loaded: 0)
Unloading 7 unused Assets / (196.4 KB). Loaded Objects now: 4613.
Memory consumption went from 80.6 MB to 80.4 MB.
Total: 5.223100 ms (FindLiveObjects: 0.254600 ms CreateObjectMapping: 0.109600 ms MarkObjects: 4.696200 ms  DeleteObjects: 0.161600 ms)

Prepare: number of updated asset objects reloaded= 0
AssetImportParameters requested are different than current active one (requested -> active):
  custom:container-demuxer-ogg: 62fdf1f143b41e24485cea50d1cbac27 -> 
  custom:video-decoder-ogg-theora: a1e56fd34408186e4bbccfd4996cb3dc -> 
  custom:framework-win-MediaFoundation: 216162199b28c13a410421893ffa2e32 -> 
  custom:CustomObjectIndexerAttribute: 756ad292c208cfabdd7b50bc23989ffe -> 
  custom:container-demuxer-webm: 4f35f7cbe854078d1ac9338744f61a02 -> 
  custom:container-muxer-webm: aa71ff27fc2769a1b78a27578f13a17b -> 
  custom:video-decoder-webm-vp8: 9c59270c3fd7afecdb556c50c9e8de78 -> 
  custom:SearchIndexIgnoredProperties: e643bd26f0fe6173181afceb89e7c659 -> 
  custom:AudioImporter_EditorPlatform: d09bf68614088b80899f8185d706f6e7 -> 
  custom:video-encoder-webm-vp8: eb34c28f22e8b96e1ab97ce403110664 -> 
  custom:audio-decoder-ogg-vorbis: bf7c407c2cedff20999df2af8eb42d56 -> 
  custom:audio-encoder-webm-vorbis: bf7c407c2cedff20999df2af8eb42d56 -> 
Editor requested this worker to shutdown with reason: Scaling down because of idle timeout
TcpMessagingSession - receive error: operation aborted. errorcode: 995, details: La operación de E/S se anuló por una salida de subproceso o por una solicitud de aplicación.
AssetImportWorker is now disconnected from the server
Process exiting
Exiting without the bug reporter. Application will terminate with return code 0